# JRE version: Java(TM) SE Runtime Environment (8.0_101-b13) (build 1.8.0_101-b13)
# Java VM: Java HotSpot(TM) 64-Bit Server VM (25.101-b13 mixed mode windows-amd64 compressed oops)
Heap:
 PSYoungGen      total 161792K, used 100972K [0x00000000ec180000, 0x00000000fa800000, 0x0000000100000000)
  eden space 99840K, 51% used [0x00000000ec180000,0x00000000ef3640e0,0x00000000f2300000)
  from space 61952K, 80% used [0x00000000f6200000,0x00000000f92b7120,0x00000000f9e80000)
  to   space 64512K, 0% used [0x00000000f2300000,0x00000000f2300000,0x00000000f6200000)
 ParOldGen       total 194048K, used 180573K [0x00000000c4400000, 0x00000000d0180000, 0x00000000ec180000)
  object space 194048K, 93% used [0x00000000c4400000,0x00000000cf457428,0x00000000d0180000)
 Metaspace       used 8284K, capacity 8403K, committed 8576K, reserved 1056768K
  class space    used 797K, capacity 848K, committed 896K, reserved 1048576K
GC Heap History (10 events):
Event: 457.886 GC heap before
{Heap before GC invocations=280 (full 8):
 PSYoungGen      total 136192K, used 127726K [0x00000000ec180000, 0x00000000f8200000, 0x0000000100000000)
  eden space 86528K, 100% used [0x00000000ec180000,0x00000000f1600000,0x00000000f1600000)
  from space 49664K, 82% used [0x00000000f1600000,0x00000000f3e3b890,0x00000000f4680000)
  to   space 51712K, 0% used [0x00000000f4f80000,0x00000000f4f80000,0x00000000f8200000)
 ParOldGen       total 194048K, used 169397K [0x00000000c4400000, 0x00000000d0180000, 0x00000000ec180000)
  object space 194048K, 87% used [0x00000000c4400000,0x00000000ce96d428,0x00000000d0180000)
 Metaspace       used 8284K, capacity 8403K, committed 8576K, reserved 1056768K
  class space    used 797K, capacity 848K, committed 896K, reserved 1048576K
Event: 457.917 GC heap after
Heap after GC invocations=280 (full 8):
 PSYoungGen      total 142848K, used 42876K [0x00000000ec180000, 0x00000000f8680000, 0x0000000100000000)
  eden space 91136K, 0% used [0x00000000ec180000,0x00000000ec180000,0x00000000f1a80000)
  from space 51712K, 82% used [0x00000000f4f80000,0x00000000f795f120,0x00000000f8200000)
  to   space 54272K, 0% used [0x00000000f1a80000,0x00000000f1a80000,0x00000000f4f80000)
 ParOldGen       total 194048K, used 171453K [0x00000000c4400000, 0x00000000d0180000, 0x00000000ec180000)
  object space 194048K, 88% used [0x00000000c4400000,0x00000000ceb6f428,0x00000000d0180000)
 Metaspace       used 8284K, capacity 8403K, committed 8576K, reserved 1056768K
  class space    used 797K, capacity 848K, committed 896K, reserved 1048576K
}
Event: 465.825 GC heap before
{Heap before GC invocations=281 (full 8):
 PSYoungGen      total 142848K, used 134012K [0x00000000ec180000, 0x00000000f8680000, 0x0000000100000000)
  eden space 91136K, 100% used [0x00000000ec180000,0x00000000f1a80000,0x00000000f1a80000)
  from space 51712K, 82% used [0x00000000f4f80000,0x00000000f795f120,0x00000000f8200000)
  to   space 54272K, 0% used [0x00000000f1a80000,0x00000000f1a80000,0x00000000f4f80000)
 ParOldGen       total 194048K, used 171453K [0x00000000c4400000, 0x00000000d0180000, 0x00000000ec180000)
  object space 194048K, 88% used [0x00000000c4400000,0x00000000ceb6f428,0x00000000d0180000)
 Metaspace       used 8284K, capacity 8403K, committed 8576K, reserved 1056768K
  class space    used 797K, capacity 848K, committed 896K, reserved 1048576K
Event: 465.857 GC heap after
Heap after GC invocations=281 (full 8):
 PSYoungGen      total 145408K, used 44796K [0x00000000ec180000, 0x00000000f9080000, 0x0000000100000000)
  eden space 91136K, 0% used [0x00000000ec180000,0x00000000ec180000,0x00000000f1a80000)
  from space 54272K, 82% used [0x00000000f1a80000,0x00000000f463f120,0x00000000f4f80000)
  to   space 56832K, 0% used [0x00000000f5900000,0x00000000f5900000,0x00000000f9080000)
 ParOldGen       total 194048K, used 173501K [0x00000000c4400000, 0x00000000d0180000, 0x00000000ec180000)
  object space 194048K, 89% used [0x00000000c4400000,0x00000000ced6f428,0x00000000d0180000)
 Metaspace       used 8284K, capacity 8403K, committed 8576K, reserved 1056768K
  class space    used 797K, capacity 848K, committed 896K, reserved 1048576K
}
Event: 474.131 GC heap before
{Heap before GC invocations=282 (full 8):
 PSYoungGen      total 145408K, used 135932K [0x00000000ec180000, 0x00000000f9080000, 0x0000000100000000)
  eden space 91136K, 100% used [0x00000000ec180000,0x00000000f1a80000,0x00000000f1a80000)
  from space 54272K, 82% used [0x00000000f1a80000,0x00000000f463f120,0x00000000f4f80000)
  to   space 56832K, 0% used [0x00000000f5900000,0x00000000f5900000,0x00000000f9080000)
 ParOldGen       total 194048K, used 173501K [0x00000000c4400000, 0x00000000d0180000, 0x00000000ec180000)
  object space 194048K, 89% used [0x00000000c4400000,0x00000000ced6f428,0x00000000d0180000)
 Metaspace       used 8284K, capacity 8403K, committed 8576K, reserved 1056768K
  class space    used 797K, capacity 848K, committed 896K, reserved 1048576K
Event: 474.164 GC heap after
Heap after GC invocations=282 (full 8):
 PSYoungGen      total 152576K, used 46318K [0x00000000ec180000, 0x00000000f9500000, 0x0000000100000000)
  eden space 95744K, 0% used [0x00000000ec180000,0x00000000ec180000,0x00000000f1f00000)
  from space 56832K, 81% used [0x00000000f5900000,0x00000000f863b890,0x00000000f9080000)
  to   space 59392K, 0% used [0x00000000f1f00000,0x00000000f1f00000,0x00000000f5900000)
 ParOldGen       total 194048K, used 175773K [0x00000000c4400000, 0x00000000d0180000, 0x00000000ec180000)
  object space 194048K, 90% used [0x00000000c4400000,0x00000000cefa7428,0x00000000d0180000)
 Metaspace       used 8284K, capacity 8403K, committed 8576K, reserved 1056768K
  class space    used 797K, capacity 848K, committed 896K, reserved 1048576K
}
Event: 484.916 GC heap before
{Heap before GC invocations=283 (full 8):
 PSYoungGen      total 152576K, used 142062K [0x00000000ec180000, 0x00000000f9500000, 0x0000000100000000)
  eden space 95744K, 100% used [0x00000000ec180000,0x00000000f1f00000,0x00000000f1f00000)
  from space 56832K, 81% used [0x00000000f5900000,0x00000000f863b890,0x00000000f9080000)
  to   space 59392K, 0% used [0x00000000f1f00000,0x00000000f1f00000,0x00000000f5900000)
 ParOldGen       total 194048K, used 175773K [0x00000000c4400000, 0x00000000d0180000, 0x00000000ec180000)
  object space 194048K, 90% used [0x00000000c4400000,0x00000000cefa7428,0x00000000d0180000)
 Metaspace       used 8284K, capacity 8403K, committed 8576K, reserved 1056768K
  class space    used 797K, capacity 848K, committed 896K, reserved 1048576K
Event: 484.951 GC heap after
Heap after GC invocations=283 (full 8):
 PSYoungGen      total 155136K, used 48252K [0x00000000ec180000, 0x00000000f9e80000, 0x0000000100000000)
  eden space 95744K, 0% used [0x00000000ec180000,0x00000000ec180000,0x00000000f1f00000)
  from space 59392K, 81% used [0x00000000f1f00000,0x00000000f4e1f120,0x00000000f5900000)
  to   space 61952K, 0% used [0x00000000f6200000,0x00000000f6200000,0x00000000f9e80000)
 ParOldGen       total 194048K, used 178061K [0x00000000c4400000, 0x00000000d0180000, 0x00000000ec180000)
  object space 194048K, 91% used [0x00000000c4400000,0x00000000cf1e3428,0x00000000d0180000)
 Metaspace       used 8284K, capacity 8403K, committed 8576K, reserved 1056768K
  class space    used 797K, capacity 848K, committed 896K, reserved 1048576K
}
Event: 498.192 GC heap before
{Heap before GC invocations=284 (full 8):
 PSYoungGen      total 155136K, used 143996K [0x00000000ec180000, 0x00000000f9e80000, 0x0000000100000000)
  eden space 95744K, 100% used [0x00000000ec180000,0x00000000f1f00000,0x00000000f1f00000)
  from space 59392K, 81% used [0x00000000f1f00000,0x00000000f4e1f120,0x00000000f5900000)
  to   space 61952K, 0% used [0x00000000f6200000,0x00000000f6200000,0x00000000f9e80000)
 ParOldGen       total 194048K, used 178061K [0x00000000c4400000, 0x00000000d0180000, 0x00000000ec180000)
  object space 194048K, 91% used [0x00000000c4400000,0x00000000cf1e3428,0x00000000d0180000)
 Metaspace       used 8284K, capacity 8403K, committed 8576K, reserved 1056768K
  class space    used 797K, capacity 848K, committed 896K, reserved 1048576K
Event: 498.616 GC heap after
Heap after GC invocations=284 (full 8):
 PSYoungGen      total 161792K, used 49884K [0x00000000ec180000, 0x00000000fa800000, 0x0000000100000000)
  eden space 99840K, 0% used [0x00000000ec180000,0x00000000ec180000,0x00000000f2300000)
  from space 61952K, 80% used [0x00000000f6200000,0x00000000f92b7120,0x00000000f9e80000)
  to   space 64512K, 0% used [0x00000000f2300000,0x00000000f2300000,0x00000000f6200000)
 ParOldGen       total 194048K, used 180573K [0x00000000c4400000, 0x00000000d0180000, 0x00000000ec180000)
  object space 194048K, 93% used [0x00000000c4400000,0x00000000cf457428,0x00000000d0180000)
 Metaspace       used 8284K, capacity 8403K, committed 8576K, reserved 1056768K
  class space    used 797K, capacity 848K, committed 896K, reserved 1048576K
}

