# JRE version: Java(TM) SE Runtime Environment (8.0_101-b13) (build 1.8.0_101-b13)
# Java VM: Java HotSpot(TM) 64-Bit Server VM (25.101-b13 mixed mode windows-amd64 compressed oops)
Heap:
 PSYoungGen      total 189952K, used 67765K [0x00000000ec180000, 0x00000000fbf80000, 0x0000000100000000)
  eden space 128000K, 8% used [0x00000000ec180000,0x00000000ecbb9dd0,0x00000000f3e80000)
  from space 61952K, 92% used [0x00000000f3e80000,0x00000000f7673890,0x00000000f7b00000)
  to   space 54784K, 0% used [0x00000000f7b00000,0x00000000f7b00000,0x00000000fb080000)
 ParOldGen       total 212992K, used 170484K [0x00000000c4400000, 0x00000000d1400000, 0x00000000ec180000)
  object space 212992K, 80% used [0x00000000c4400000,0x00000000cea7d1f0,0x00000000d1400000)
 Metaspace       used 8261K, capacity 8403K, committed 8576K, reserved 1056768K
  class space    used 799K, capacity 848K, committed 896K, reserved 1048576K
GC Heap History (10 events):
Event: 256.765 GC heap before
{Heap before GC invocations=155 (full 6):
 PSYoungGen      total 160256K, used 156302K [0x00000000ec180000, 0x00000000f8a00000, 0x0000000100000000)
  eden space 125952K, 100% used [0x00000000ec180000,0x00000000f3c80000,0x00000000f3c80000)
  from space 34304K, 88% used [0x00000000f6180000,0x00000000f7f23890,0x00000000f8300000)
  to   space 37888K, 0% used [0x00000000f3c80000,0x00000000f3c80000,0x00000000f6180000)
 ParOldGen       total 212992K, used 170484K [0x00000000c4400000, 0x00000000d1400000, 0x00000000ec180000)
  object space 212992K, 80% used [0x00000000c4400000,0x00000000cea7d1f0,0x00000000d1400000)
 Metaspace       used 8261K, capacity 8403K, committed 8576K, reserved 1056768K
  class space    used 799K, capacity 848K, committed 896K, reserved 1048576K
Event: 256.805 GC heap after
Heap after GC invocations=155 (full 6):
 PSYoungGen      total 163840K, used 35726K [0x00000000ec180000, 0x00000000f9680000, 0x0000000100000000)
  eden space 125952K, 0% used [0x00000000ec180000,0x00000000ec180000,0x00000000f3c80000)
  from space 37888K, 94% used [0x00000000f3c80000,0x00000000f5f63890,0x00000000f6180000)
  to   space 42496K, 0% used [0x00000000f6d00000,0x00000000f6d00000,0x00000000f9680000)
 ParOldGen       total 212992K, used 170484K [0x00000000c4400000, 0x00000000d1400000, 0x00000000ec180000)
  object space 212992K, 80% used [0x00000000c4400000,0x00000000cea7d1f0,0x00000000d1400000)
 Metaspace       used 8261K, capacity 8403K, committed 8576K, reserved 1056768K
  class space    used 799K, capacity 848K, committed 896K, reserved 1048576K
}
Event: 264.232 GC heap before
{Heap before GC invocations=156 (full 6):
 PSYoungGen      total 163840K, used 161678K [0x00000000ec180000, 0x00000000f9680000, 0x0000000100000000)
  eden space 125952K, 100% used [0x00000000ec180000,0x00000000f3c80000,0x00000000f3c80000)
  from space 37888K, 94% used [0x00000000f3c80000,0x00000000f5f63890,0x00000000f6180000)
  to   space 42496K, 0% used [0x00000000f6d00000,0x00000000f6d00000,0x00000000f9680000)
 ParOldGen       total 212992K, used 170484K [0x00000000c4400000, 0x00000000d1400000, 0x00000000ec180000)
  object space 212992K, 80% used [0x00000000c4400000,0x00000000cea7d1f0,0x00000000d1400000)
 Metaspace       used 8261K, capacity 8403K, committed 8576K, reserved 1056768K
  class space    used 799K, capacity 848K, committed 896K, reserved 1048576K
Event: 264.282 GC heap after
Heap after GC invocations=156 (full 6):
 PSYoungGen      total 169984K, used 41180K [0x00000000ec180000, 0x00000000fa200000, 0x0000000100000000)
  eden space 127488K, 0% used [0x00000000ec180000,0x00000000ec180000,0x00000000f3e00000)
  from space 42496K, 96% used [0x00000000f6d00000,0x00000000f9537120,0x00000000f9680000)
  to   space 48128K, 0% used [0x00000000f3e00000,0x00000000f3e00000,0x00000000f6d00000)
 ParOldGen       total 212992K, used 170484K [0x00000000c4400000, 0x00000000d1400000, 0x00000000ec180000)
  object space 212992K, 80% used [0x00000000c4400000,0x00000000cea7d1f0,0x00000000d1400000)
 Metaspace       used 8261K, capacity 8403K, committed 8576K, reserved 1056768K
  class space    used 799K, capacity 848K, committed 896K, reserved 1048576K
}
Event: 272.184 GC heap before
{Heap before GC invocations=157 (full 6):
 PSYoungGen      total 169984K, used 168668K [0x00000000ec180000, 0x00000000fa200000, 0x0000000100000000)
  eden space 127488K, 100% used [0x00000000ec180000,0x00000000f3e00000,0x00000000f3e00000)
  from space 42496K, 96% used [0x00000000f6d00000,0x00000000f9537120,0x00000000f9680000)
  to   space 48128K, 0% used [0x00000000f3e00000,0x00000000f3e00000,0x00000000f6d00000)
 ParOldGen       total 212992K, used 170484K [0x00000000c4400000, 0x00000000d1400000, 0x00000000ec180000)
  object space 212992K, 80% used [0x00000000c4400000,0x00000000cea7d1f0,0x00000000d1400000)
 Metaspace       used 8261K, capacity 8403K, committed 8576K, reserved 1056768K
  class space    used 799K, capacity 848K, committed 896K, reserved 1048576K
Event: 272.225 GC heap after
Heap after GC invocations=157 (full 6):
 PSYoungGen      total 175616K, used 46446K [0x00000000ec180000, 0x00000000fb080000, 0x0000000100000000)
  eden space 127488K, 0% used [0x00000000ec180000,0x00000000ec180000,0x00000000f3e00000)
  from space 48128K, 96% used [0x00000000f3e00000,0x00000000f6b5b890,0x00000000f6d00000)
  to   space 54784K, 0% used [0x00000000f7b00000,0x00000000f7b00000,0x00000000fb080000)
 ParOldGen       total 212992K, used 170484K [0x00000000c4400000, 0x00000000d1400000, 0x00000000ec180000)
  object space 212992K, 80% used [0x00000000c4400000,0x00000000cea7d1f0,0x00000000d1400000)
 Metaspace       used 8261K, capacity 8403K, committed 8576K, reserved 1056768K
  class space    used 799K, capacity 848K, committed 896K, reserved 1048576K
}
Event: 277.916 GC heap before
{Heap before GC invocations=158 (full 6):
 PSYoungGen      total 175616K, used 173934K [0x00000000ec180000, 0x00000000fb080000, 0x0000000100000000)
  eden space 127488K, 100% used [0x00000000ec180000,0x00000000f3e00000,0x00000000f3e00000)
  from space 48128K, 96% used [0x00000000f3e00000,0x00000000f6b5b890,0x00000000f6d00000)
  to   space 54784K, 0% used [0x00000000f7b00000,0x00000000f7b00000,0x00000000fb080000)
 ParOldGen       total 212992K, used 170484K [0x00000000c4400000, 0x00000000d1400000, 0x00000000ec180000)
  object space 212992K, 80% used [0x00000000c4400000,0x00000000cea7d1f0,0x00000000d1400000)
 Metaspace       used 8261K, capacity 8403K, committed 8576K, reserved 1056768K
  class space    used 799K, capacity 848K, committed 896K, reserved 1048576K
Event: 277.965 GC heap after
Heap after GC invocations=158 (full 6):
 PSYoungGen      total 182784K, used 51996K [0x00000000ec180000, 0x00000000fbf80000, 0x0000000100000000)
  eden space 128000K, 0% used [0x00000000ec180000,0x00000000ec180000,0x00000000f3e80000)
  from space 54784K, 94% used [0x00000000f7b00000,0x00000000fadc7120,0x00000000fb080000)
  to   space 61952K, 0% used [0x00000000f3e80000,0x00000000f3e80000,0x00000000f7b00000)
 ParOldGen       total 212992K, used 170484K [0x00000000c4400000, 0x00000000d1400000, 0x00000000ec180000)
  object space 212992K, 80% used [0x00000000c4400000,0x00000000cea7d1f0,0x00000000d1400000)
 Metaspace       used 8261K, capacity 8403K, committed 8576K, reserved 1056768K
  class space    used 799K, capacity 848K, committed 896K, reserved 1048576K
}
Event: 285.444 GC heap before
{Heap before GC invocations=159 (full 6):
 PSYoungGen      total 182784K, used 179996K [0x00000000ec180000, 0x00000000fbf80000, 0x0000000100000000)
  eden space 128000K, 100% used [0x00000000ec180000,0x00000000f3e80000,0x00000000f3e80000)
  from space 54784K, 94% used [0x00000000f7b00000,0x00000000fadc7120,0x00000000fb080000)
  to   space 61952K, 0% used [0x00000000f3e80000,0x00000000f3e80000,0x00000000f7b00000)
 ParOldGen       total 212992K, used 170484K [0x00000000c4400000, 0x00000000d1400000, 0x00000000ec180000)
  object space 212992K, 80% used [0x00000000c4400000,0x00000000cea7d1f0,0x00000000d1400000)
 Metaspace       used 8261K, capacity 8403K, committed 8576K, reserved 1056768K
  class space    used 799K, capacity 848K, committed 896K, reserved 1048576K
Event: 285.577 GC heap after
Heap after GC invocations=159 (full 6):
 PSYoungGen      total 189952K, used 57294K [0x00000000ec180000, 0x00000000fbf80000, 0x0000000100000000)
  eden space 128000K, 0% used [0x00000000ec180000,0x00000000ec180000,0x00000000f3e80000)
  from space 61952K, 92% used [0x00000000f3e80000,0x00000000f7673890,0x00000000f7b00000)
  to   space 54784K, 0% used [0x00000000f7b00000,0x00000000f7b00000,0x00000000fb080000)
 ParOldGen       total 212992K, used 170484K [0x00000000c4400000, 0x00000000d1400000, 0x00000000ec180000)
  object space 212992K, 80% used [0x00000000c4400000,0x00000000cea7d1f0,0x00000000d1400000)
 Metaspace       used 8261K, capacity 8403K, committed 8576K, reserved 1056768K
  class space    used 799K, capacity 848K, committed 896K, reserved 1048576K
}

