# JRE version: Java(TM) SE Runtime Environment (8.0_101-b13) (build 1.8.0_101-b13)
# Java VM: Java HotSpot(TM) 64-Bit Server VM (25.101-b13 mixed mode windows-amd64 compressed oops)
Heap:
 PSYoungGen      total 36352K, used 13054K [0x00000000ec180000, 0x00000000ef480000, 0x0000000100000000)
  eden space 20480K, 2% used [0x00000000ec180000,0x00000000ec1fbff0,0x00000000ed580000)
  from space 15872K, 79% used [0x00000000ed580000,0x00000000ee1c3890,0x00000000ee500000)
  to   space 15872K, 0% used [0x00000000ee500000,0x00000000ee500000,0x00000000ef480000)
 ParOldGen       total 224768K, used 210765K [0x00000000c4400000, 0x00000000d1f80000, 0x00000000ec180000)
  object space 224768K, 93% used [0x00000000c4400000,0x00000000d11d3578,0x00000000d1f80000)
 Metaspace       used 9470K, capacity 9587K, committed 9728K, reserved 1058816K
  class space    used 911K, capacity 944K, committed 1024K, reserved 1048576K
GC Heap History (10 events):
Event: 1001.214 GC heap before
{Heap before GC invocations=276 (full 9):
 PSYoungGen      total 37376K, used 32538K [0x00000000ec180000, 0x00000000ef680000, 0x0000000100000000)
  eden space 20480K, 99% used [0x00000000ec180000,0x00000000ed5731c0,0x00000000ed580000)
  from space 16896K, 71% used [0x00000000ee600000,0x00000000ef1d3890,0x00000000ef680000)
  to   space 16896K, 0% used [0x00000000ed580000,0x00000000ed580000,0x00000000ee600000)
 ParOldGen       total 224768K, used 206845K [0x00000000c4400000, 0x00000000d1f80000, 0x00000000ec180000)
  object space 224768K, 92% used [0x00000000c4400000,0x00000000d0dff578,0x00000000d1f80000)
 Metaspace       used 9470K, capacity 9587K, committed 9728K, reserved 1058816K
  class space    used 911K, capacity 944K, committed 1024K, reserved 1048576K
Event: 1001.223 GC heap after
Heap after GC invocations=276 (full 9):
 PSYoungGen      total 32768K, used 12142K [0x00000000ec180000, 0x00000000ef580000, 0x0000000100000000)
  eden space 20480K, 0% used [0x00000000ec180000,0x00000000ec180000,0x00000000ed580000)
  from space 12288K, 98% used [0x00000000ed580000,0x00000000ee15b890,0x00000000ee180000)
  to   space 16384K, 0% used [0x00000000ee580000,0x00000000ee580000,0x00000000ef580000)
 ParOldGen       total 224768K, used 207677K [0x00000000c4400000, 0x00000000d1f80000, 0x00000000ec180000)
  object space 224768K, 92% used [0x00000000c4400000,0x00000000d0ecf578,0x00000000d1f80000)
 Metaspace       used 9470K, capacity 9587K, committed 9728K, reserved 1058816K
  class space    used 911K, capacity 944K, committed 1024K, reserved 1048576K
}
Event: 1004.731 GC heap before
{Heap before GC invocations=277 (full 9):
 PSYoungGen      total 32768K, used 32570K [0x00000000ec180000, 0x00000000ef580000, 0x0000000100000000)
  eden space 20480K, 99% used [0x00000000ec180000,0x00000000ed5731c0,0x00000000ed580000)
  from space 12288K, 98% used [0x00000000ed580000,0x00000000ee15b890,0x00000000ee180000)
  to   space 16384K, 0% used [0x00000000ee580000,0x00000000ee580000,0x00000000ef580000)
 ParOldGen       total 224768K, used 207677K [0x00000000c4400000, 0x00000000d1f80000, 0x00000000ec180000)
  object space 224768K, 92% used [0x00000000c4400000,0x00000000d0ecf578,0x00000000d1f80000)
 Metaspace       used 9470K, capacity 9587K, committed 9728K, reserved 1058816K
  class space    used 911K, capacity 944K, committed 1024K, reserved 1048576K
Event: 1004.742 GC heap after
Heap after GC invocations=277 (full 9):
 PSYoungGen      total 36864K, used 12174K [0x00000000ec180000, 0x00000000ef580000, 0x0000000100000000)
  eden space 20480K, 0% used [0x00000000ec180000,0x00000000ec180000,0x00000000ed580000)
  from space 16384K, 74% used [0x00000000ee580000,0x00000000ef163890,0x00000000ef580000)
  to   space 16384K, 0% used [0x00000000ed580000,0x00000000ed580000,0x00000000ee580000)
 ParOldGen       total 224768K, used 208525K [0x00000000c4400000, 0x00000000d1f80000, 0x00000000ec180000)
  object space 224768K, 92% used [0x00000000c4400000,0x00000000d0fa3578,0x00000000d1f80000)
 Metaspace       used 9470K, capacity 9587K, committed 9728K, reserved 1058816K
  class space    used 911K, capacity 944K, committed 1024K, reserved 1048576K
}
Event: 1008.248 GC heap before
{Heap before GC invocations=278 (full 9):
 PSYoungGen      total 36864K, used 32602K [0x00000000ec180000, 0x00000000ef580000, 0x0000000100000000)
  eden space 20480K, 99% used [0x00000000ec180000,0x00000000ed5731c0,0x00000000ed580000)
  from space 16384K, 74% used [0x00000000ee580000,0x00000000ef163890,0x00000000ef580000)
  to   space 16384K, 0% used [0x00000000ed580000,0x00000000ed580000,0x00000000ee580000)
 ParOldGen       total 224768K, used 208525K [0x00000000c4400000, 0x00000000d1f80000, 0x00000000ec180000)
  object space 224768K, 92% used [0x00000000c4400000,0x00000000d0fa3578,0x00000000d1f80000)
 Metaspace       used 9470K, capacity 9587K, committed 9728K, reserved 1058816K
  class space    used 911K, capacity 944K, committed 1024K, reserved 1048576K
Event: 1008.257 GC heap after
Heap after GC invocations=278 (full 9):
 PSYoungGen      total 36864K, used 12270K [0x00000000ec180000, 0x00000000ef580000, 0x0000000100000000)
  eden space 20480K, 0% used [0x00000000ec180000,0x00000000ec180000,0x00000000ed580000)
  from space 16384K, 74% used [0x00000000ed580000,0x00000000ee17b890,0x00000000ee580000)
  to   space 16384K, 0% used [0x00000000ee580000,0x00000000ee580000,0x00000000ef580000)
 ParOldGen       total 224768K, used 209285K [0x00000000c4400000, 0x00000000d1f80000, 0x00000000ec180000)
  object space 224768K, 93% used [0x00000000c4400000,0x00000000d1061578,0x00000000d1f80000)
 Metaspace       used 9470K, capacity 9587K, committed 9728K, reserved 1058816K
  class space    used 911K, capacity 944K, committed 1024K, reserved 1048576K
}
Event: 1011.764 GC heap before
{Heap before GC invocations=279 (full 9):
 PSYoungGen      total 36864K, used 32698K [0x00000000ec180000, 0x00000000ef580000, 0x0000000100000000)
  eden space 20480K, 99% used [0x00000000ec180000,0x00000000ed5731c0,0x00000000ed580000)
  from space 16384K, 74% used [0x00000000ed580000,0x00000000ee17b890,0x00000000ee580000)
  to   space 16384K, 0% used [0x00000000ee580000,0x00000000ee580000,0x00000000ef580000)
 ParOldGen       total 224768K, used 209285K [0x00000000c4400000, 0x00000000d1f80000, 0x00000000ec180000)
  object space 224768K, 93% used [0x00000000c4400000,0x00000000d1061578,0x00000000d1f80000)
 Metaspace       used 9470K, capacity 9587K, committed 9728K, reserved 1058816K
  class space    used 911K, capacity 944K, committed 1024K, reserved 1048576K
Event: 1011.773 GC heap after
Heap after GC invocations=279 (full 9):
 PSYoungGen      total 35840K, used 12398K [0x00000000ec180000, 0x00000000ef480000, 0x0000000100000000)
  eden space 20480K, 0% used [0x00000000ec180000,0x00000000ec180000,0x00000000ed580000)
  from space 15360K, 80% used [0x00000000ee580000,0x00000000ef19b890,0x00000000ef480000)
  to   space 15872K, 0% used [0x00000000ed580000,0x00000000ed580000,0x00000000ee500000)
 ParOldGen       total 224768K, used 210029K [0x00000000c4400000, 0x00000000d1f80000, 0x00000000ec180000)
  object space 224768K, 93% used [0x00000000c4400000,0x00000000d111b578,0x00000000d1f80000)
 Metaspace       used 9470K, capacity 9587K, committed 9728K, reserved 1058816K
  class space    used 911K, capacity 944K, committed 1024K, reserved 1048576K
}
Event: 1015.383 GC heap before
{Heap before GC invocations=280 (full 9):
 PSYoungGen      total 35840K, used 32826K [0x00000000ec180000, 0x00000000ef480000, 0x0000000100000000)
  eden space 20480K, 99% used [0x00000000ec180000,0x00000000ed5731c0,0x00000000ed580000)
  from space 15360K, 80% used [0x00000000ee580000,0x00000000ef19b890,0x00000000ef480000)
  to   space 15872K, 0% used [0x00000000ed580000,0x00000000ed580000,0x00000000ee500000)
 ParOldGen       total 224768K, used 210029K [0x00000000c4400000, 0x00000000d1f80000, 0x00000000ec180000)
  object space 224768K, 93% used [0x00000000c4400000,0x00000000d111b578,0x00000000d1f80000)
 Metaspace       used 9470K, capacity 9587K, committed 9728K, reserved 1058816K
  class space    used 911K, capacity 944K, committed 1024K, reserved 1048576K
Event: 1015.396 GC heap after
Heap after GC invocations=280 (full 9):
 PSYoungGen      total 36352K, used 12558K [0x00000000ec180000, 0x00000000ef480000, 0x0000000100000000)
  eden space 20480K, 0% used [0x00000000ec180000,0x00000000ec180000,0x00000000ed580000)
  from space 15872K, 79% used [0x00000000ed580000,0x00000000ee1c3890,0x00000000ee500000)
  to   space 15872K, 0% used [0x00000000ee500000,0x00000000ee500000,0x00000000ef480000)
 ParOldGen       total 224768K, used 210765K [0x00000000c4400000, 0x00000000d1f80000, 0x00000000ec180000)
  object space 224768K, 93% used [0x00000000c4400000,0x00000000d11d3578,0x00000000d1f80000)
 Metaspace       used 9470K, capacity 9587K, committed 9728K, reserved 1058816K
  class space    used 911K, capacity 944K, committed 1024K, reserved 1048576K
}

