# JRE version: Java(TM) SE Runtime Environment (8.0_101-b13) (build 1.8.0_101-b13)
# Java VM: Java HotSpot(TM) 64-Bit Server VM (25.101-b13 mixed mode windows-amd64 compressed oops)
Heap:
 PSYoungGen      total 228352K, used 80917K [0x00000000ec180000, 0x00000000ff400000, 0x0000000100000000)
  eden space 162304K, 10% used [0x00000000ec180000,0x00000000ed1c1ce0,0x00000000f6000000)
  from space 66048K, 97% used [0x00000000fa700000,0x00000000fe5c38a0,0x00000000fe780000)
  to   space 72704K, 0% used [0x00000000f6000000,0x00000000f6000000,0x00000000fa700000)
 ParOldGen       total 177152K, used 148874K [0x00000000c4400000, 0x00000000cf100000, 0x00000000ec180000)
  object space 177152K, 84% used [0x00000000c4400000,0x00000000cd562938,0x00000000cf100000)
 Metaspace       used 8501K, capacity 8601K, committed 8832K, reserved 1056768K
  class space    used 809K, capacity 849K, committed 896K, reserved 1048576K
GC Heap History (10 events):
Event: 262.838 GC heap before
{Heap before GC invocations=156 (full 4):
 PSYoungGen      total 191488K, used 169582K [0x00000000ec180000, 0x00000000fc000000, 0x0000000100000000)
  eden space 132608K, 100% used [0x00000000ec180000,0x00000000f4300000,0x00000000f4300000)
  from space 58880K, 62% used [0x00000000f4300000,0x00000000f671b8a0,0x00000000f7c80000)
  to   space 57344K, 0% used [0x00000000f8800000,0x00000000f8800000,0x00000000fc000000)
 ParOldGen       total 177152K, used 145034K [0x00000000c4400000, 0x00000000cf100000, 0x00000000ec180000)
  object space 177152K, 81% used [0x00000000c4400000,0x00000000cd1a2938,0x00000000cf100000)
 Metaspace       used 8501K, capacity 8601K, committed 8832K, reserved 1056768K
  class space    used 809K, capacity 849K, committed 896K, reserved 1048576K
Event: 262.872 GC heap after
Heap after GC invocations=156 (full 4):
 PSYoungGen      total 199168K, used 38734K [0x00000000ec180000, 0x00000000fbd00000, 0x0000000100000000)
  eden space 144896K, 0% used [0x00000000ec180000,0x00000000ec180000,0x00000000f4f00000)
  from space 54272K, 71% used [0x00000000f8800000,0x00000000fadd38a0,0x00000000fbd00000)
  to   space 56320K, 0% used [0x00000000f4f00000,0x00000000f4f00000,0x00000000f8600000)
 ParOldGen       total 177152K, used 148874K [0x00000000c4400000, 0x00000000cf100000, 0x00000000ec180000)
  object space 177152K, 84% used [0x00000000c4400000,0x00000000cd562938,0x00000000cf100000)
 Metaspace       used 8501K, capacity 8601K, committed 8832K, reserved 1056768K
  class space    used 809K, capacity 849K, committed 896K, reserved 1048576K
}
Event: 271.930 GC heap before
{Heap before GC invocations=157 (full 4):
 PSYoungGen      total 199168K, used 183630K [0x00000000ec180000, 0x00000000fbd00000, 0x0000000100000000)
  eden space 144896K, 100% used [0x00000000ec180000,0x00000000f4f00000,0x00000000f4f00000)
  from space 54272K, 71% used [0x00000000f8800000,0x00000000fadd38a0,0x00000000fbd00000)
  to   space 56320K, 0% used [0x00000000f4f00000,0x00000000f4f00000,0x00000000f8600000)
 ParOldGen       total 177152K, used 148874K [0x00000000c4400000, 0x00000000cf100000, 0x00000000ec180000)
  object space 177152K, 84% used [0x00000000c4400000,0x00000000cd562938,0x00000000cf100000)
 Metaspace       used 8501K, capacity 8601K, committed 8832K, reserved 1056768K
  class space    used 809K, capacity 849K, committed 896K, reserved 1048576K
Event: 271.968 GC heap after
Heap after GC invocations=157 (full 4):
 PSYoungGen      total 201216K, used 44942K [0x00000000ec180000, 0x00000000fcc00000, 0x0000000100000000)
  eden space 144896K, 0% used [0x00000000ec180000,0x00000000ec180000,0x00000000f4f00000)
  from space 56320K, 79% used [0x00000000f4f00000,0x00000000f7ae38a0,0x00000000f8600000)
  to   space 57856K, 0% used [0x00000000f9380000,0x00000000f9380000,0x00000000fcc00000)
 ParOldGen       total 177152K, used 148874K [0x00000000c4400000, 0x00000000cf100000, 0x00000000ec180000)
  object space 177152K, 84% used [0x00000000c4400000,0x00000000cd562938,0x00000000cf100000)
 Metaspace       used 8501K, capacity 8601K, committed 8832K, reserved 1056768K
  class space    used 809K, capacity 849K, committed 896K, reserved 1048576K
}
Event: 280.631 GC heap before
{Heap before GC invocations=158 (full 4):
 PSYoungGen      total 201216K, used 189838K [0x00000000ec180000, 0x00000000fcc00000, 0x0000000100000000)
  eden space 144896K, 100% used [0x00000000ec180000,0x00000000f4f00000,0x00000000f4f00000)
  from space 56320K, 79% used [0x00000000f4f00000,0x00000000f7ae38a0,0x00000000f8600000)
  to   space 57856K, 0% used [0x00000000f9380000,0x00000000f9380000,0x00000000fcc00000)
 ParOldGen       total 177152K, used 148874K [0x00000000c4400000, 0x00000000cf100000, 0x00000000ec180000)
  object space 177152K, 84% used [0x00000000c4400000,0x00000000cd562938,0x00000000cf100000)
 Metaspace       used 8501K, capacity 8601K, committed 8832K, reserved 1056768K
  class space    used 809K, capacity 849K, committed 896K, reserved 1048576K
Event: 280.738 GC heap after
Heap after GC invocations=158 (full 4):
 PSYoungGen      total 211968K, used 51196K [0x00000000ec180000, 0x00000000fd300000, 0x0000000100000000)
  eden space 154112K, 0% used [0x00000000ec180000,0x00000000ec180000,0x00000000f5800000)
  from space 57856K, 88% used [0x00000000f9380000,0x00000000fc57f130,0x00000000fcc00000)
  to   space 60928K, 0% used [0x00000000f5800000,0x00000000f5800000,0x00000000f9380000)
 ParOldGen       total 177152K, used 148874K [0x00000000c4400000, 0x00000000cf100000, 0x00000000ec180000)
  object space 177152K, 84% used [0x00000000c4400000,0x00000000cd562938,0x00000000cf100000)
 Metaspace       used 8501K, capacity 8601K, committed 8832K, reserved 1056768K
  class space    used 809K, capacity 849K, committed 896K, reserved 1048576K
}
Event: 290.483 GC heap before
{Heap before GC invocations=159 (full 4):
 PSYoungGen      total 211968K, used 205308K [0x00000000ec180000, 0x00000000fd300000, 0x0000000100000000)
  eden space 154112K, 100% used [0x00000000ec180000,0x00000000f5800000,0x00000000f5800000)
  from space 57856K, 88% used [0x00000000f9380000,0x00000000fc57f130,0x00000000fcc00000)
  to   space 60928K, 0% used [0x00000000f5800000,0x00000000f5800000,0x00000000f9380000)
 ParOldGen       total 177152K, used 148874K [0x00000000c4400000, 0x00000000cf100000, 0x00000000ec180000)
  object space 177152K, 84% used [0x00000000c4400000,0x00000000cd562938,0x00000000cf100000)
 Metaspace       used 8501K, capacity 8601K, committed 8832K, reserved 1056768K
  class space    used 809K, capacity 849K, committed 896K, reserved 1048576K
Event: 290.603 GC heap after
Heap after GC invocations=159 (full 4):
 PSYoungGen      total 215040K, used 57774K [0x00000000ec180000, 0x00000000fe780000, 0x0000000100000000)
  eden space 154112K, 0% used [0x00000000ec180000,0x00000000ec180000,0x00000000f5800000)
  from space 60928K, 94% used [0x00000000f5800000,0x00000000f906b8a0,0x00000000f9380000)
  to   space 66048K, 0% used [0x00000000fa700000,0x00000000fa700000,0x00000000fe780000)
 ParOldGen       total 177152K, used 148874K [0x00000000c4400000, 0x00000000cf100000, 0x00000000ec180000)
  object space 177152K, 84% used [0x00000000c4400000,0x00000000cd562938,0x00000000cf100000)
 Metaspace       used 8501K, capacity 8601K, committed 8832K, reserved 1056768K
  class space    used 809K, capacity 849K, committed 896K, reserved 1048576K
}
Event: 300.069 GC heap before
{Heap before GC invocations=160 (full 4):
 PSYoungGen      total 215040K, used 211886K [0x00000000ec180000, 0x00000000fe780000, 0x0000000100000000)
  eden space 154112K, 100% used [0x00000000ec180000,0x00000000f5800000,0x00000000f5800000)
  from space 60928K, 94% used [0x00000000f5800000,0x00000000f906b8a0,0x00000000f9380000)
  to   space 66048K, 0% used [0x00000000fa700000,0x00000000fa700000,0x00000000fe780000)
 ParOldGen       total 177152K, used 148874K [0x00000000c4400000, 0x00000000cf100000, 0x00000000ec180000)
  object space 177152K, 84% used [0x00000000c4400000,0x00000000cd562938,0x00000000cf100000)
 Metaspace       used 8501K, capacity 8601K, committed 8832K, reserved 1056768K
  class space    used 809K, capacity 849K, committed 896K, reserved 1048576K
Event: 300.136 GC heap after
Heap after GC invocations=160 (full 4):
 PSYoungGen      total 228352K, used 64270K [0x00000000ec180000, 0x00000000ff400000, 0x0000000100000000)
  eden space 162304K, 0% used [0x00000000ec180000,0x00000000ec180000,0x00000000f6000000)
  from space 66048K, 97% used [0x00000000fa700000,0x00000000fe5c38a0,0x00000000fe780000)
  to   space 72704K, 0% used [0x00000000f6000000,0x00000000f6000000,0x00000000fa700000)
 ParOldGen       total 177152K, used 148874K [0x00000000c4400000, 0x00000000cf100000, 0x00000000ec180000)
  object space 177152K, 84% used [0x00000000c4400000,0x00000000cd562938,0x00000000cf100000)
 Metaspace       used 8501K, capacity 8601K, committed 8832K, reserved 1056768K
  class space    used 809K, capacity 849K, committed 896K, reserved 1048576K
}

